   1               		.file	"keymap_hhkb.c"
   2               	__SP_H__ = 0x3e
   3               	__SP_L__ = 0x3d
   4               	__SREG__ = 0x3f
   5               	__tmp_reg__ = 0
   6               	__zero_reg__ = 1
   7               		.text
   8               	.Ltext0:
   9               		.cfi_sections	.debug_frame
  10               	.global	fn_actions
  11               		.section	.progmem.data.fn_actions,"a",@progbits
  14               	fn_actions:
  15 0000 F1A1      		.word	-24079
  16               	.global	keymaps
  17               		.section	.progmem.data.keymaps,"a",@progbits
  20               	keymaps:
  21 0000 1F        		.byte	31
  22 0001 14        		.byte	20
  23 0002 1A        		.byte	26
  24 0003 16        		.byte	22
  25 0004 04        		.byte	4
  26 0005 1D        		.byte	29
  27 0006 1B        		.byte	27
  28 0007 06        		.byte	6
  29 0008 20        		.byte	32
  30 0009 21        		.byte	33
  31 000a 15        		.byte	21
  32 000b 08        		.byte	8
  33 000c 07        		.byte	7
  34 000d 09        		.byte	9
  35 000e 19        		.byte	25
  36 000f 05        		.byte	5
  37 0010 22        		.byte	34
  38 0011 23        		.byte	35
  39 0012 1C        		.byte	28
  40 0013 17        		.byte	23
  41 0014 0A        		.byte	10
  42 0015 0B        		.byte	11
  43 0016 11        		.byte	17
  44 0017 00        		.byte	0
  45 0018 1E        		.byte	30
  46 0019 29        		.byte	41
  47 001a 2B        		.byte	43
  48 001b E0        		.byte	-32
  49 001c E1        		.byte	-31
  50 001d E2        		.byte	-30
  51 001e E3        		.byte	-29
  52 001f 2C        		.byte	44
  53 0020 24        		.byte	36
  54 0021 25        		.byte	37
  55 0022 18        		.byte	24
  56 0023 0C        		.byte	12
  57 0024 0E        		.byte	14
  58 0025 0D        		.byte	13
  59 0026 10        		.byte	16
  60 0027 00        		.byte	0
  61 0028 31        		.byte	49
  62 0029 35        		.byte	53
  63 002a 2A        		.byte	42
  64 002b 28        		.byte	40
  65 002c C0        		.byte	-64
  66 002d E5        		.byte	-27
  67 002e E6        		.byte	-26
  68 002f E7        		.byte	-25
  69 0030 26        		.byte	38
  70 0031 27        		.byte	39
  71 0032 12        		.byte	18
  72 0033 13        		.byte	19
  73 0034 33        		.byte	51
  74 0035 0F        		.byte	15
  75 0036 36        		.byte	54
  76 0037 00        		.byte	0
  77 0038 2D        		.byte	45
  78 0039 2E        		.byte	46
  79 003a 30        		.byte	48
  80 003b 2F        		.byte	47
  81 003c 34        		.byte	52
  82 003d 38        		.byte	56
  83 003e 37        		.byte	55
  84 003f 00        		.byte	0
  85 0040 3B        		.byte	59
  86 0041 01        		.byte	1
  87 0042 01        		.byte	1
  88 0043 A9        		.byte	-87
  89 0044 AA        		.byte	-86
  90 0045 01        		.byte	1
  91 0046 01        		.byte	1
  92 0047 01        		.byte	1
  93 0048 3C        		.byte	60
  94 0049 3D        		.byte	61
  95 004a 01        		.byte	1
  96 004b 01        		.byte	1
  97 004c A8        		.byte	-88
  98 004d 01        		.byte	1
  99 004e 01        		.byte	1
 100 004f 01        		.byte	1
 101 0050 3E        		.byte	62
 102 0051 3F        		.byte	63
 103 0052 01        		.byte	1
 104 0053 01        		.byte	1
 105 0054 01        		.byte	1
 106 0055 55        		.byte	85
 107 0056 57        		.byte	87
 108 0057 00        		.byte	0
 109 0058 3A        		.byte	58
 110 0059 A5        		.byte	-91
 111 005a 39        		.byte	57
 112 005b 01        		.byte	1
 113 005c 01        		.byte	1
 114 005d 01        		.byte	1
 115 005e 01        		.byte	1
 116 005f 01        		.byte	1
 117 0060 40        		.byte	64
 118 0061 41        		.byte	65
 119 0062 01        		.byte	1
 120 0063 46        		.byte	70
 121 0064 4A        		.byte	74
 122 0065 54        		.byte	84
 123 0066 56        		.byte	86
 124 0067 00        		.byte	0
 125 0068 49        		.byte	73
 126 0069 4C        		.byte	76
 127 006a 2A        		.byte	42
 128 006b 58        		.byte	88
 129 006c 01        		.byte	1
 130 006d 01        		.byte	1
 131 006e 01        		.byte	1
 132 006f 01        		.byte	1
 133 0070 42        		.byte	66
 134 0071 43        		.byte	67
 135 0072 47        		.byte	71
 136 0073 48        		.byte	72
 137 0074 50        		.byte	80
 138 0075 4B        		.byte	75
 139 0076 4D        		.byte	77
 140 0077 00        		.byte	0
 141 0078 44        		.byte	68
 142 0079 45        		.byte	69
 143 007a 01        		.byte	1
 144 007b 52        		.byte	82
 145 007c 4F        		.byte	79
 146 007d 51        		.byte	81
 147 007e 4E        		.byte	78
 148 007f 00        		.byte	0
 149               		.text
 150               	.Letext0:
 151               		.file 1 "/usr/local/CrossPack-AVR-20131216/avr/include/stdint.h"
 152               		.file 2 "../../tmk_core/common/keycode.h"
 153               		.file 3 "../../tmk_core/common/action_code.h"
 154               		.file 4 "../../tmk_core/protocol/lufa/LUFA-git/LUFA/Drivers/USB/Core/USBTask.h"
 155               		.file 5 "keymap_hhkb.c"
DEFINED SYMBOLS
                            *ABS*:00000000 keymap_hhkb.c
/var/folders/ww/zxgm8pk10vs7h41wm6z_0fjr0000gn/T//cc0tKx0s.s:2      *ABS*:0000003e __SP_H__
/var/folders/ww/zxgm8pk10vs7h41wm6z_0fjr0000gn/T//cc0tKx0s.s:3      *ABS*:0000003d __SP_L__
/var/folders/ww/zxgm8pk10vs7h41wm6z_0fjr0000gn/T//cc0tKx0s.s:4      *ABS*:0000003f __SREG__
/var/folders/ww/zxgm8pk10vs7h41wm6z_0fjr0000gn/T//cc0tKx0s.s:5      *ABS*:00000000 __tmp_reg__
/var/folders/ww/zxgm8pk10vs7h41wm6z_0fjr0000gn/T//cc0tKx0s.s:6      *ABS*:00000001 __zero_reg__
/var/folders/ww/zxgm8pk10vs7h41wm6z_0fjr0000gn/T//cc0tKx0s.s:14     .progmem.data.fn_actions:00000000 fn_actions
/var/folders/ww/zxgm8pk10vs7h41wm6z_0fjr0000gn/T//cc0tKx0s.s:20     .progmem.data.keymaps:00000000 keymaps

NO UNDEFINED SYMBOLS
