   1               		.file	"led.c"
   2               	__SP_H__ = 0x3e
   3               	__SP_L__ = 0x3d
   4               	__SREG__ = 0x3f
   5               	__tmp_reg__ = 0
   6               	__zero_reg__ = 1
   7               		.text
   8               	.Ltext0:
   9               		.cfi_sections	.debug_frame
  10               		.section	.text.led_set,"ax",@progbits
  11               	.global	led_set
  13               	led_set:
  14               	.LFB0:
  15               		.file 1 "led.c"
   1:led.c         **** /*
   2:led.c         **** Copyright 2011 Jun Wako <wakojun@gmail.com>
   3:led.c         **** 
   4:led.c         **** This program is free software: you can redistribute it and/or modify
   5:led.c         **** it under the terms of the GNU General Public License as published by
   6:led.c         **** the Free Software Foundation, either version 2 of the License, or
   7:led.c         **** (at your option) any later version.
   8:led.c         **** 
   9:led.c         **** This program is distributed in the hope that it will be useful,
  10:led.c         **** but WITHOUT ANY WARRANTY; without even the implied warranty of
  11:led.c         **** MERCHANTABILITY or FITNESS FOR A PARTICULAR PURPOSE.  See the
  12:led.c         **** GNU General Public License for more details.
  13:led.c         **** 
  14:led.c         **** You should have received a copy of the GNU General Public License
  15:led.c         **** along with this program.  If not, see <http://www.gnu.org/licenses/>.
  16:led.c         **** */
  17:led.c         **** 
  18:led.c         **** #include <avr/io.h>
  19:led.c         **** #include "stdint.h"
  20:led.c         **** #include "led.h"
  21:led.c         **** 
  22:led.c         **** 
  23:led.c         **** /* HHKB has no LEDs */
  24:led.c         **** void led_set(uint8_t usb_led)
  25:led.c         **** {
  16               		.loc 1 25 0
  17               		.cfi_startproc
  18               	.LVL0:
  19               	/* prologue: function */
  20               	/* frame size = 0 */
  21               	/* stack size = 0 */
  22               	.L__stack_usage = 0
  26:led.c         ****     if (usb_led & (1<<USB_LED_CAPS_LOCK)) {
  27:led.c         ****         DDRD |= (1<<6);
  23               		.loc 1 27 0
  24 0000 569A      		sbi 0xa,6
  26:led.c         ****     if (usb_led & (1<<USB_LED_CAPS_LOCK)) {
  25               		.loc 1 26 0
  26 0002 81FF      		sbrs r24,1
  27 0004 00C0      		rjmp .L2
  28:led.c         ****         PORTD |= (1<<6);
  28               		.loc 1 28 0
  29 0006 5E9A      		sbi 0xb,6
  30 0008 0895      		ret
  31               	.L2:
  29:led.c         ****     } else {
  30:led.c         ****         DDRD |= (1<<6);
  31:led.c         ****         PORTD &= ~(1<<6);
  32               		.loc 1 31 0
  33 000a 5E98      		cbi 0xb,6
  34 000c 0895      		ret
  35               		.cfi_endproc
  36               	.LFE0:
  38               		.text
  39               	.Letext0:
  40               		.file 2 "/usr/local/CrossPack-AVR-20131216/avr/include/stdint.h"
DEFINED SYMBOLS
                            *ABS*:00000000 led.c
/var/folders/ww/zxgm8pk10vs7h41wm6z_0fjr0000gn/T//ccw4AQw7.s:2      *ABS*:0000003e __SP_H__
/var/folders/ww/zxgm8pk10vs7h41wm6z_0fjr0000gn/T//ccw4AQw7.s:3      *ABS*:0000003d __SP_L__
/var/folders/ww/zxgm8pk10vs7h41wm6z_0fjr0000gn/T//ccw4AQw7.s:4      *ABS*:0000003f __SREG__
/var/folders/ww/zxgm8pk10vs7h41wm6z_0fjr0000gn/T//ccw4AQw7.s:5      *ABS*:00000000 __tmp_reg__
/var/folders/ww/zxgm8pk10vs7h41wm6z_0fjr0000gn/T//ccw4AQw7.s:6      *ABS*:00000001 __zero_reg__
/var/folders/ww/zxgm8pk10vs7h41wm6z_0fjr0000gn/T//ccw4AQw7.s:13     .text.led_set:00000000 led_set

NO UNDEFINED SYMBOLS
